2025-06-23 13:43:46,445 - transactions - INFO - Starting txns.py
2025-06-23 13:43:46,445 - transactions - INFO - Connecting to MongoDB and fetching all emails from 'gmailmessages' collection...
2025-06-23 13:43:47,277 - transactions - INFO - Successfully selected 'gmailmessages' collection.
2025-06-23 13:43:47,352 - transactions - INFO - Fetched 30 emails from the collection.
2025-06-23 13:43:47,352 - transactions - INFO - Schema (all unique keys in collection): ['__v', '_id', 'body', 'created_at', 'from', 'labels', 'message_id', 'received_at', 'snippet', 'subject', 'thread_id', 'to', 'user_email']
2025-06-23 13:43:47,355 - transactions - INFO - DataFrame columns: ['_id', 'message_id', '__v', 'body', 'created_at', 'from', 'labels', 'received_at', 'snippet', 'subject', 'thread_id', 'to', 'user_email']
2025-06-23 13:43:47,367 - transactions - INFO - Filtering emails for transactions, banks, shopping, or ecommerce...
2025-06-23 13:43:47,372 - transactions - INFO - Filtered 15 relevant emails.
2025-06-23 13:43:47,372 - transactions - INFO - Starting categorization and spend analysis...
2025-06-23 13:43:47,376 - transactions - INFO - Generating charts for user: aashirwadk@thewelzin.com
2025-06-23 13:43:47,550 - transactions - INFO - Saved pie chart to Output/spends/2025-06-23/aashirwadk@thewelzin.com_categories_pie.png
2025-06-23 13:43:47,550 - transactions - INFO - Generating charts for user: vishaaldeepsingh6@gmail.com
2025-06-23 13:43:47,582 - transactions - INFO - Saved pie chart to Output/spends/2025-06-23/vishaaldeepsingh6@gmail.com_categories_pie.png
2025-06-23 13:43:47,583 - transactions - INFO - Generating charts for user: vishaldeepsingh5@gmail.com
2025-06-23 13:43:47,615 - transactions - INFO - Saved pie chart to Output/spends/2025-06-23/vishaldeepsingh5@gmail.com_categories_pie.png
2025-06-23 13:43:47,615 - transactions - INFO - Generating spend time series for user: aashirwadk@thewelzin.com
2025-06-23 13:43:47,689 - transactions - INFO - Saved weekly spend chart to Output/spends/2025-06-23/aashirwadk@thewelzin.com_weekly_spend.png
2025-06-23 13:43:47,747 - transactions - INFO - Saved monthly spend chart to Output/spends/2025-06-23/aashirwadk@thewelzin.com_monthly_spend.png
2025-06-23 13:43:47,747 - transactions - INFO - Spend analysis complete.
2025-06-23 13:43:47,747 - transactions - INFO - Ending txns.py
