2025-06-24 15:21:37,261 - transactions - INFO - Starting txns.py
2025-06-24 15:21:37,261 - transactions - INFO - Connecting to MongoDB and fetching all emails from 'gmailmessages' collection...
2025-06-24 15:21:41,766 - transactions - INFO - Successfully selected 'gmailmessages' collection.
2025-06-24 15:21:41,904 - transactions - INFO - Fetched 91 emails from the collection.
2025-06-24 15:21:41,905 - transactions - INFO - Schema (all unique keys in collection): ['__v', '_id', 'body', 'created_at', 'from', 'labels', 'message_id', 'received_at', 'snippet', 'subject', 'thread_id', 'to', 'user_email']
2025-06-24 15:21:41,911 - transactions - INFO - DataFrame columns: ['_id', 'message_id', '__v', 'body', 'created_at', 'from', 'labels', 'received_at', 'snippet', 'subject', 'thread_id', 'to', 'user_email']
2025-06-24 15:21:41,933 - transactions - INFO - Filtering emails for transactions, banks, shopping, or ecommerce...
2025-06-24 15:21:41,953 - transactions - INFO - Filtered 52 relevant emails.
2025-06-24 15:21:41,953 - transactions - INFO - Starting categorization and spend analysis...
2025-06-24 15:27:17,357 - transactions - INFO - Starting txns.py
2025-06-24 15:27:17,357 - transactions - INFO - Connecting to MongoDB and fetching all emails from 'gmailmessages' collection...
2025-06-24 15:27:20,363 - transactions - INFO - Successfully selected 'gmailmessages' collection.
2025-06-24 15:27:20,539 - transactions - INFO - Fetched 91 emails from the collection.
2025-06-24 15:27:20,539 - transactions - INFO - Schema (all unique keys in collection): ['__v', '_id', 'body', 'created_at', 'from', 'labels', 'message_id', 'received_at', 'snippet', 'subject', 'thread_id', 'to', 'user_email']
2025-06-24 15:27:20,546 - transactions - INFO - DataFrame columns: ['_id', 'message_id', '__v', 'body', 'created_at', 'from', 'labels', 'received_at', 'snippet', 'subject', 'thread_id', 'to', 'user_email']
2025-06-24 15:27:20,567 - transactions - INFO - Filtering emails for transactions, banks, shopping, or ecommerce...
2025-06-24 15:27:20,588 - transactions - INFO - Filtered 52 relevant emails.
2025-06-24 15:27:20,588 - transactions - INFO - Starting categorization and spend analysis...
2025-06-24 15:35:19,782 - transactions - INFO - Starting txns.py
2025-06-24 15:35:19,782 - transactions - INFO - Connecting to MongoDB and fetching all emails from 'gmailmessages' collection...
2025-06-24 15:35:20,742 - transactions - INFO - Successfully selected 'gmailmessages' collection.
2025-06-24 15:35:20,893 - transactions - INFO - Fetched 91 emails from the collection.
2025-06-24 15:35:20,893 - transactions - INFO - Schema (all unique keys in collection): ['__v', '_id', 'body', 'created_at', 'from', 'labels', 'message_id', 'received_at', 'snippet', 'subject', 'thread_id', 'to', 'user_email']
2025-06-24 15:35:20,895 - transactions - INFO - DataFrame columns: ['_id', 'message_id', '__v', 'body', 'created_at', 'from', 'labels', 'received_at', 'snippet', 'subject', 'thread_id', 'to', 'user_email']
2025-06-24 15:35:20,910 - transactions - INFO - Filtering emails for transactions, banks, shopping, or ecommerce...
2025-06-24 15:35:20,929 - transactions - INFO - Filtered 52 relevant emails.
2025-06-24 15:35:20,929 - transactions - INFO - Starting categorization and spend analysis...
2025-06-24 15:37:20,293 - transactions - INFO - Starting txns.py
2025-06-24 15:37:20,294 - transactions - INFO - Connecting to MongoDB and fetching all emails from 'gmailmessages' collection...
2025-06-24 15:37:21,405 - transactions - INFO - Successfully selected 'gmailmessages' collection.
2025-06-24 15:37:21,563 - transactions - INFO - Fetched 91 emails from the collection.
2025-06-24 15:37:21,563 - transactions - INFO - Schema (all unique keys in collection): ['__v', '_id', 'body', 'created_at', 'from', 'labels', 'message_id', 'received_at', 'snippet', 'subject', 'thread_id', 'to', 'user_email']
2025-06-24 15:37:21,565 - transactions - INFO - DataFrame columns: ['_id', 'message_id', '__v', 'body', 'created_at', 'from', 'labels', 'received_at', 'snippet', 'subject', 'thread_id', 'to', 'user_email']
2025-06-24 15:37:21,578 - transactions - INFO - Filtering emails for transactions, banks, shopping, or ecommerce...
2025-06-24 15:37:21,597 - transactions - INFO - Filtered 52 relevant emails.
2025-06-24 15:37:21,598 - transactions - INFO - Starting categorization and spend analysis...
2025-06-24 15:39:26,299 - transactions - INFO - Starting txns.py
2025-06-24 15:39:26,300 - transactions - INFO - Connecting to MongoDB and fetching all emails from 'gmailmessages' collection...
2025-06-24 15:39:31,481 - transactions - INFO - Successfully selected 'gmailmessages' collection.
2025-06-24 15:39:31,751 - transactions - INFO - Fetched 91 emails from the collection.
2025-06-24 15:39:31,751 - transactions - INFO - Schema (all unique keys in collection): ['__v', '_id', 'body', 'created_at', 'from', 'labels', 'message_id', 'received_at', 'snippet', 'subject', 'thread_id', 'to', 'user_email']
2025-06-24 15:39:31,754 - transactions - INFO - DataFrame columns: ['_id', 'message_id', '__v', 'body', 'created_at', 'from', 'labels', 'received_at', 'snippet', 'subject', 'thread_id', 'to', 'user_email']
2025-06-24 15:39:31,767 - transactions - INFO - Filtering emails for transactions, banks, shopping, or ecommerce...
2025-06-24 15:39:31,789 - transactions - INFO - Filtered 52 relevant emails.
2025-06-24 15:39:31,789 - transactions - INFO - Starting categorization and spend analysis...
2025-06-24 15:44:14,772 - transactions - INFO - Starting txns.py
2025-06-24 15:44:14,773 - transactions - INFO - Connecting to MongoDB and fetching all emails from 'gmailmessages' collection...
2025-06-24 15:44:17,645 - transactions - INFO - Successfully selected 'gmailmessages' collection.
2025-06-24 15:44:17,848 - transactions - INFO - Fetched 91 emails from the collection.
2025-06-24 15:44:17,848 - transactions - INFO - Schema (all unique keys in collection): ['__v', '_id', 'body', 'created_at', 'from', 'labels', 'message_id', 'received_at', 'snippet', 'subject', 'thread_id', 'to', 'user_email']
2025-06-24 15:44:17,849 - transactions - INFO - DataFrame columns: ['_id', 'message_id', '__v', 'body', 'created_at', 'from', 'labels', 'received_at', 'snippet', 'subject', 'thread_id', 'to', 'user_email']
2025-06-24 15:44:17,863 - transactions - INFO - Filtering emails for transactions, banks, shopping, or ecommerce...
2025-06-24 15:44:17,883 - transactions - INFO - Filtered 52 relevant emails.
2025-06-24 15:44:17,883 - transactions - INFO - Starting categorization and spend analysis...
2025-06-24 15:44:17,895 - transactions - INFO - Generating charts for user: aashirwad2099.be21@chitkara.edu.in
2025-06-24 15:44:18,266 - transactions - INFO - Saved pie chart to Output/spends/2025-06-24/aashirwad2099.be21@chitkara.edu.in_categories_pie.png
2025-06-24 15:44:18,266 - transactions - INFO - Generating charts for user: aashirwadk@thewelzin.com
2025-06-24 15:44:18,334 - transactions - INFO - Saved pie chart to Output/spends/2025-06-24/aashirwadk@thewelzin.com_categories_pie.png
2025-06-24 15:44:18,334 - transactions - INFO - Generating charts for user: adsmundra@gmail.com
2025-06-24 15:44:18,409 - transactions - INFO - Saved pie chart to Output/spends/2025-06-24/adsmundra@gmail.com_categories_pie.png
2025-06-24 15:44:18,409 - transactions - INFO - Generating charts for user: amiouraashirwad@gmail.com
2025-06-24 15:44:18,475 - transactions - INFO - Saved pie chart to Output/spends/2025-06-24/amiouraashirwad@gmail.com_categories_pie.png
2025-06-24 15:44:18,476 - transactions - INFO - Generating charts for user: co22303@ccet.ac.in
2025-06-24 15:44:18,544 - transactions - INFO - Saved pie chart to Output/spends/2025-06-24/co22303@ccet.ac.in_categories_pie.png
2025-06-24 15:44:18,544 - transactions - INFO - Generating charts for user: mishuuu1305@gmail.com
2025-06-24 15:44:18,615 - transactions - INFO - Saved pie chart to Output/spends/2025-06-24/mishuuu1305@gmail.com_categories_pie.png
2025-06-24 15:44:18,615 - transactions - INFO - Generating charts for user: vikrame4d3@gmail.com
2025-06-24 15:44:18,685 - transactions - INFO - Saved pie chart to Output/spends/2025-06-24/vikrame4d3@gmail.com_categories_pie.png
2025-06-24 15:44:18,685 - transactions - INFO - Generating charts for user: vishaaldeepsingh6@gmail.com
2025-06-24 15:44:18,749 - transactions - INFO - Saved pie chart to Output/spends/2025-06-24/vishaaldeepsingh6@gmail.com_categories_pie.png
2025-06-24 15:44:18,750 - transactions - INFO - Generating charts for user: vishaldeepsingh5@gmail.com
2025-06-24 15:44:18,820 - transactions - INFO - Saved pie chart to Output/spends/2025-06-24/vishaldeepsingh5@gmail.com_categories_pie.png
2025-06-24 15:44:18,821 - transactions - INFO - Generating spend time series for user: aashirwadk@thewelzin.com
2025-06-24 15:44:19,043 - transactions - INFO - Saved weekly spend chart to Output/spends/2025-06-24/aashirwadk@thewelzin.com_weekly_spend.png
2025-06-24 15:44:19,174 - transactions - INFO - Saved monthly spend chart to Output/spends/2025-06-24/aashirwadk@thewelzin.com_monthly_spend.png
2025-06-24 15:44:19,175 - transactions - INFO - Generating spend time series for user: adsmundra@gmail.com
2025-06-24 15:44:19,335 - transactions - INFO - Saved weekly spend chart to Output/spends/2025-06-24/adsmundra@gmail.com_weekly_spend.png
2025-06-24 15:44:19,468 - transactions - INFO - Saved monthly spend chart to Output/spends/2025-06-24/adsmundra@gmail.com_monthly_spend.png
2025-06-24 15:44:19,468 - transactions - INFO - Generating spend time series for user: amiouraashirwad@gmail.com
2025-06-24 15:44:19,640 - transactions - INFO - Saved weekly spend chart to Output/spends/2025-06-24/amiouraashirwad@gmail.com_weekly_spend.png
2025-06-24 15:44:19,780 - transactions - INFO - Saved monthly spend chart to Output/spends/2025-06-24/amiouraashirwad@gmail.com_monthly_spend.png
2025-06-24 15:44:19,780 - transactions - INFO - Generating spend time series for user: vikrame4d3@gmail.com
2025-06-24 15:44:19,956 - transactions - INFO - Saved weekly spend chart to Output/spends/2025-06-24/vikrame4d3@gmail.com_weekly_spend.png
2025-06-24 15:44:20,093 - transactions - INFO - Saved monthly spend chart to Output/spends/2025-06-24/vikrame4d3@gmail.com_monthly_spend.png
2025-06-24 15:44:20,093 - transactions - INFO - Spend analysis complete.
2025-06-24 15:44:20,093 - transactions - INFO - Ending txns.py
2025-06-24 16:04:27,625 - transactions - INFO - Starting txns.py
2025-06-24 16:04:27,626 - transactions - INFO - Connecting to MongoDB and fetching all emails from 'gmailmessages' collection...
2025-06-24 16:04:28,674 - transactions - INFO - Successfully selected 'gmailmessages' collection.
2025-06-24 16:04:28,835 - transactions - INFO - Fetched 93 emails from the collection.
2025-06-24 16:04:28,835 - transactions - INFO - Schema (all unique keys in collection): ['__v', '_id', 'body', 'created_at', 'from', 'labels', 'message_id', 'received_at', 'snippet', 'subject', 'thread_id', 'to', 'user_email']
2025-06-24 16:04:28,837 - transactions - INFO - DataFrame columns: ['_id', 'message_id', '__v', 'body', 'created_at', 'from', 'labels', 'received_at', 'snippet', 'subject', 'thread_id', 'to', 'user_email']
2025-06-24 16:04:28,852 - transactions - INFO - Filtering emails for transactions, banks, shopping, or ecommerce...
2025-06-24 16:04:28,871 - transactions - INFO - Filtered 53 relevant emails.
2025-06-24 16:04:28,872 - transactions - INFO - Starting categorization and spend analysis...
2025-06-24 16:04:28,877 - transactions - INFO - Generating charts for user: aashirwad2099.be21@chitkara.edu.in
2025-06-24 16:04:29,100 - transactions - INFO - Saved pie chart to Output/spends/2025-06-24/aashirwad2099.be21@chitkara.edu.in_categories_pie.png
2025-06-24 16:04:29,101 - transactions - INFO - Generating charts for user: aashirwadk@thewelzin.com
2025-06-24 16:04:29,169 - transactions - INFO - Saved pie chart to Output/spends/2025-06-24/aashirwadk@thewelzin.com_categories_pie.png
2025-06-24 16:04:29,169 - transactions - INFO - Generating charts for user: adsmundra@gmail.com
2025-06-24 16:04:29,243 - transactions - INFO - Saved pie chart to Output/spends/2025-06-24/adsmundra@gmail.com_categories_pie.png
2025-06-24 16:04:29,243 - transactions - INFO - Generating charts for user: amiouraashirwad@gmail.com
2025-06-24 16:04:29,310 - transactions - INFO - Saved pie chart to Output/spends/2025-06-24/amiouraashirwad@gmail.com_categories_pie.png
2025-06-24 16:04:29,310 - transactions - INFO - Generating charts for user: co22303@ccet.ac.in
2025-06-24 16:04:29,384 - transactions - INFO - Saved pie chart to Output/spends/2025-06-24/co22303@ccet.ac.in_categories_pie.png
2025-06-24 16:04:29,384 - transactions - INFO - Generating charts for user: mishuuu1305@gmail.com
2025-06-24 16:04:29,451 - transactions - INFO - Saved pie chart to Output/spends/2025-06-24/mishuuu1305@gmail.com_categories_pie.png
2025-06-24 16:04:29,452 - transactions - INFO - Generating charts for user: vikrame4d3@gmail.com
2025-06-24 16:04:29,520 - transactions - INFO - Saved pie chart to Output/spends/2025-06-24/vikrame4d3@gmail.com_categories_pie.png
2025-06-24 16:04:29,520 - transactions - INFO - Generating charts for user: vishaaldeepsingh6@gmail.com
2025-06-24 16:04:29,585 - transactions - INFO - Saved pie chart to Output/spends/2025-06-24/vishaaldeepsingh6@gmail.com_categories_pie.png
2025-06-24 16:04:29,586 - transactions - INFO - Generating charts for user: vishaldeepsingh5@gmail.com
2025-06-24 16:04:29,653 - transactions - INFO - Saved pie chart to Output/spends/2025-06-24/vishaldeepsingh5@gmail.com_categories_pie.png
2025-06-24 16:04:29,654 - transactions - INFO - Generating spend time series for user: aashirwadk@thewelzin.com
2025-06-24 16:04:29,864 - transactions - INFO - Saved weekly spend chart to Output/spends/2025-06-24/aashirwadk@thewelzin.com_weekly_spend.png
2025-06-24 16:04:29,994 - transactions - INFO - Saved monthly spend chart to Output/spends/2025-06-24/aashirwadk@thewelzin.com_monthly_spend.png
2025-06-24 16:04:29,994 - transactions - INFO - Generating spend time series for user: adsmundra@gmail.com
2025-06-24 16:04:30,148 - transactions - INFO - Saved weekly spend chart to Output/spends/2025-06-24/adsmundra@gmail.com_weekly_spend.png
2025-06-24 16:04:30,285 - transactions - INFO - Saved monthly spend chart to Output/spends/2025-06-24/adsmundra@gmail.com_monthly_spend.png
2025-06-24 16:04:30,285 - transactions - INFO - Generating spend time series for user: amiouraashirwad@gmail.com
2025-06-24 16:04:30,451 - transactions - INFO - Saved weekly spend chart to Output/spends/2025-06-24/amiouraashirwad@gmail.com_weekly_spend.png
2025-06-24 16:04:30,588 - transactions - INFO - Saved monthly spend chart to Output/spends/2025-06-24/amiouraashirwad@gmail.com_monthly_spend.png
2025-06-24 16:04:30,588 - transactions - INFO - Generating spend time series for user: vikrame4d3@gmail.com
2025-06-24 16:04:30,746 - transactions - INFO - Saved weekly spend chart to Output/spends/2025-06-24/vikrame4d3@gmail.com_weekly_spend.png
2025-06-24 16:04:30,895 - transactions - INFO - Saved monthly spend chart to Output/spends/2025-06-24/vikrame4d3@gmail.com_monthly_spend.png
2025-06-24 16:04:30,895 - transactions - INFO - Spend analysis complete.
2025-06-24 16:04:30,896 - transactions - INFO - Ending txns.py
2025-06-24 16:44:07,065 - transactions - INFO - Starting txns.py
2025-06-24 16:44:07,066 - transactions - INFO - Connecting to MongoDB and fetching all emails from 'gmailmessages' collection...
2025-06-24 16:44:18,996 - transactions - INFO - Successfully selected 'gmailmessages' collection.
2025-06-24 16:44:19,151 - transactions - INFO - Fetched 94 emails from the collection.
2025-06-24 16:44:19,151 - transactions - INFO - Schema (all unique keys in collection): ['__v', '_id', 'body', 'created_at', 'from', 'labels', 'message_id', 'received_at', 'snippet', 'subject', 'thread_id', 'to', 'user_email']
2025-06-24 16:44:19,157 - transactions - INFO - DataFrame columns: ['_id', 'message_id', '__v', 'body', 'created_at', 'from', 'labels', 'received_at', 'snippet', 'subject', 'thread_id', 'to', 'user_email']
2025-06-24 16:44:19,176 - transactions - INFO - Filtering emails for transactions, banks, shopping, or ecommerce...
2025-06-24 16:44:19,197 - transactions - INFO - Filtered 53 relevant emails.
2025-06-24 16:44:19,197 - transactions - INFO - Starting categorization and spend analysis...
2025-06-24 16:44:19,208 - transactions - INFO - Generating charts for user: aashirwad2099.be21@chitkara.edu.in
2025-06-24 16:44:19,623 - transactions - INFO - Saved pie chart to Output/spends/2025-06-24/aashirwad2099.be21@chitkara.edu.in_categories_pie.png
2025-06-24 16:44:19,623 - transactions - INFO - Generating charts for user: aashirwadk@thewelzin.com
2025-06-24 16:44:19,693 - transactions - INFO - Saved pie chart to Output/spends/2025-06-24/aashirwadk@thewelzin.com_categories_pie.png
2025-06-24 16:44:19,693 - transactions - INFO - Generating charts for user: adsmundra@gmail.com
2025-06-24 16:44:19,775 - transactions - INFO - Saved pie chart to Output/spends/2025-06-24/adsmundra@gmail.com_categories_pie.png
2025-06-24 16:44:19,775 - transactions - INFO - Generating charts for user: amiouraashirwad@gmail.com
2025-06-24 16:44:19,840 - transactions - INFO - Saved pie chart to Output/spends/2025-06-24/amiouraashirwad@gmail.com_categories_pie.png
2025-06-24 16:44:19,841 - transactions - INFO - Generating charts for user: co22303@ccet.ac.in
2025-06-24 16:44:19,907 - transactions - INFO - Saved pie chart to Output/spends/2025-06-24/co22303@ccet.ac.in_categories_pie.png
2025-06-24 16:44:19,908 - transactions - INFO - Generating charts for user: mishuuu1305@gmail.com
2025-06-24 16:44:19,978 - transactions - INFO - Saved pie chart to Output/spends/2025-06-24/mishuuu1305@gmail.com_categories_pie.png
2025-06-24 16:44:19,978 - transactions - INFO - Generating charts for user: vikrame4d3@gmail.com
2025-06-24 16:44:20,052 - transactions - INFO - Saved pie chart to Output/spends/2025-06-24/vikrame4d3@gmail.com_categories_pie.png
2025-06-24 16:44:20,053 - transactions - INFO - Generating charts for user: vishaaldeepsingh6@gmail.com
2025-06-24 16:44:20,118 - transactions - INFO - Saved pie chart to Output/spends/2025-06-24/vishaaldeepsingh6@gmail.com_categories_pie.png
2025-06-24 16:44:20,119 - transactions - INFO - Generating charts for user: vishaldeepsingh5@gmail.com
2025-06-24 16:44:20,191 - transactions - INFO - Saved pie chart to Output/spends/2025-06-24/vishaldeepsingh5@gmail.com_categories_pie.png
2025-06-24 16:44:20,192 - transactions - INFO - Generating spend time series for user: aashirwadk@thewelzin.com
2025-06-24 16:44:20,406 - transactions - INFO - Saved weekly spend chart to Output/spends/2025-06-24/aashirwadk@thewelzin.com_weekly_spend.png
2025-06-24 16:44:20,536 - transactions - INFO - Saved monthly spend chart to Output/spends/2025-06-24/aashirwadk@thewelzin.com_monthly_spend.png
2025-06-24 16:44:20,536 - transactions - INFO - Generating spend time series for user: adsmundra@gmail.com
2025-06-24 16:44:20,692 - transactions - INFO - Saved weekly spend chart to Output/spends/2025-06-24/adsmundra@gmail.com_weekly_spend.png
2025-06-24 16:44:20,821 - transactions - INFO - Saved monthly spend chart to Output/spends/2025-06-24/adsmundra@gmail.com_monthly_spend.png
2025-06-24 16:44:20,821 - transactions - INFO - Generating spend time series for user: amiouraashirwad@gmail.com
2025-06-24 16:44:20,985 - transactions - INFO - Saved weekly spend chart to Output/spends/2025-06-24/amiouraashirwad@gmail.com_weekly_spend.png
2025-06-24 16:44:21,124 - transactions - INFO - Saved monthly spend chart to Output/spends/2025-06-24/amiouraashirwad@gmail.com_monthly_spend.png
2025-06-24 16:44:21,125 - transactions - INFO - Generating spend time series for user: vikrame4d3@gmail.com
2025-06-24 16:44:21,287 - transactions - INFO - Saved weekly spend chart to Output/spends/2025-06-24/vikrame4d3@gmail.com_weekly_spend.png
2025-06-24 16:44:21,420 - transactions - INFO - Saved monthly spend chart to Output/spends/2025-06-24/vikrame4d3@gmail.com_monthly_spend.png
2025-06-24 16:44:21,420 - transactions - INFO - Spend analysis complete.
2025-06-24 16:44:21,420 - transactions - INFO - Ending txns.py
2025-06-24 16:49:22,822 - transactions - INFO - Starting txns.py
2025-06-24 16:49:22,822 - transactions - INFO - Connecting to MongoDB and fetching all emails from 'gmailmessages' collection...
2025-06-24 16:49:28,821 - transactions - INFO - Successfully selected 'gmailmessages' collection.
2025-06-24 16:49:29,010 - transactions - INFO - Fetched 104 emails from the collection.
2025-06-24 16:49:29,010 - transactions - INFO - Schema (all unique keys in collection): ['__v', '_id', 'body', 'created_at', 'from', 'labels', 'message_id', 'received_at', 'snippet', 'subject', 'thread_id', 'to', 'user_email']
2025-06-24 16:49:29,013 - transactions - INFO - DataFrame columns: ['_id', 'message_id', '__v', 'body', 'created_at', 'from', 'labels', 'received_at', 'snippet', 'subject', 'thread_id', 'to', 'user_email']
2025-06-24 16:49:29,026 - transactions - INFO - Filtering emails for transactions, banks, shopping, or ecommerce...
2025-06-24 16:49:29,049 - transactions - INFO - Filtered 58 relevant emails.
2025-06-24 16:49:29,053 - transactions - INFO - Starting categorization and spend analysis...
2025-06-24 16:49:29,060 - transactions - INFO - Generating charts for user: aashirwad2099.be21@chitkara.edu.in
2025-06-24 16:49:29,288 - transactions - INFO - Saved pie chart to Output/spends/2025-06-24/aashirwad2099.be21@chitkara.edu.in_categories_pie.png
2025-06-24 16:49:29,289 - transactions - INFO - Generating charts for user: aashirwadk@thewelzin.com
2025-06-24 16:49:29,357 - transactions - INFO - Saved pie chart to Output/spends/2025-06-24/aashirwadk@thewelzin.com_categories_pie.png
2025-06-24 16:49:29,357 - transactions - INFO - Generating charts for user: adsmundra@gmail.com
2025-06-24 16:49:29,431 - transactions - INFO - Saved pie chart to Output/spends/2025-06-24/adsmundra@gmail.com_categories_pie.png
2025-06-24 16:49:29,432 - transactions - INFO - Generating charts for user: amiouraashirwad@gmail.com
2025-06-24 16:49:29,505 - transactions - INFO - Saved pie chart to Output/spends/2025-06-24/amiouraashirwad@gmail.com_categories_pie.png
2025-06-24 16:49:29,505 - transactions - INFO - Generating charts for user: co22303@ccet.ac.in
2025-06-24 16:49:29,572 - transactions - INFO - Saved pie chart to Output/spends/2025-06-24/co22303@ccet.ac.in_categories_pie.png
2025-06-24 16:49:29,573 - transactions - INFO - Generating charts for user: himanshugoyal1065@gmail.com
2025-06-24 16:49:29,640 - transactions - INFO - Saved pie chart to Output/spends/2025-06-24/himanshugoyal1065@gmail.com_categories_pie.png
2025-06-24 16:49:29,641 - transactions - INFO - Generating charts for user: mishuuu1305@gmail.com
2025-06-24 16:49:29,707 - transactions - INFO - Saved pie chart to Output/spends/2025-06-24/mishuuu1305@gmail.com_categories_pie.png
2025-06-24 16:49:29,708 - transactions - INFO - Generating charts for user: vikrame4d3@gmail.com
2025-06-24 16:49:29,775 - transactions - INFO - Saved pie chart to Output/spends/2025-06-24/vikrame4d3@gmail.com_categories_pie.png
2025-06-24 16:49:29,776 - transactions - INFO - Generating charts for user: vishaaldeepsingh6@gmail.com
2025-06-24 16:49:29,841 - transactions - INFO - Saved pie chart to Output/spends/2025-06-24/vishaaldeepsingh6@gmail.com_categories_pie.png
2025-06-24 16:49:29,841 - transactions - INFO - Generating charts for user: vishaldeepsingh5@gmail.com
2025-06-24 16:49:29,945 - transactions - INFO - Saved pie chart to Output/spends/2025-06-24/vishaldeepsingh5@gmail.com_categories_pie.png
2025-06-24 16:49:29,946 - transactions - INFO - Generating spend time series for user: aashirwadk@thewelzin.com
2025-06-24 16:49:30,108 - transactions - INFO - Saved weekly spend chart to Output/spends/2025-06-24/aashirwadk@thewelzin.com_weekly_spend.png
2025-06-24 16:49:30,240 - transactions - INFO - Saved monthly spend chart to Output/spends/2025-06-24/aashirwadk@thewelzin.com_monthly_spend.png
2025-06-24 16:49:30,240 - transactions - INFO - Generating spend time series for user: adsmundra@gmail.com
2025-06-24 16:49:30,394 - transactions - INFO - Saved weekly spend chart to Output/spends/2025-06-24/adsmundra@gmail.com_weekly_spend.png
2025-06-24 16:49:30,526 - transactions - INFO - Saved monthly spend chart to Output/spends/2025-06-24/adsmundra@gmail.com_monthly_spend.png
2025-06-24 16:49:30,527 - transactions - INFO - Generating spend time series for user: amiouraashirwad@gmail.com
2025-06-24 16:49:30,694 - transactions - INFO - Saved weekly spend chart to Output/spends/2025-06-24/amiouraashirwad@gmail.com_weekly_spend.png
2025-06-24 16:49:30,830 - transactions - INFO - Saved monthly spend chart to Output/spends/2025-06-24/amiouraashirwad@gmail.com_monthly_spend.png
2025-06-24 16:49:30,831 - transactions - INFO - Generating spend time series for user: vikrame4d3@gmail.com
2025-06-24 16:49:30,992 - transactions - INFO - Saved weekly spend chart to Output/spends/2025-06-24/vikrame4d3@gmail.com_weekly_spend.png
2025-06-24 16:49:31,124 - transactions - INFO - Saved monthly spend chart to Output/spends/2025-06-24/vikrame4d3@gmail.com_monthly_spend.png
2025-06-24 16:49:31,124 - transactions - INFO - Spend analysis complete.
2025-06-24 16:49:31,124 - transactions - INFO - Ending txns.py
2025-06-24 17:22:28,837 - transactions - INFO - Starting txns.py
2025-06-24 17:22:28,837 - transactions - INFO - Connecting to MongoDB and fetching all emails from 'gmailmessages' collection...
2025-06-24 17:22:30,903 - transactions - INFO - Successfully selected 'gmailmessages' collection.
2025-06-24 17:22:31,105 - transactions - INFO - Fetched 104 emails from the collection.
2025-06-24 17:22:31,105 - transactions - INFO - Schema (all unique keys in collection): ['__v', '_id', 'body', 'created_at', 'from', 'labels', 'message_id', 'received_at', 'snippet', 'subject', 'thread_id', 'to', 'user_email']
2025-06-24 17:22:31,114 - transactions - INFO - DataFrame columns: ['_id', 'message_id', '__v', 'body', 'created_at', 'from', 'labels', 'received_at', 'snippet', 'subject', 'thread_id', 'to', 'user_email']
2025-06-24 17:22:31,134 - transactions - INFO - Filtering emails for transactions, banks, shopping, or ecommerce...
2025-06-24 17:22:31,159 - transactions - INFO - Filtered 58 relevant emails.
2025-06-24 17:22:31,159 - transactions - INFO - Starting categorization and spend analysis...
2025-06-24 17:22:31,172 - transactions - INFO - Generating charts for user: aashirwad2099.be21@chitkara.edu.in
2025-06-24 17:22:31,467 - transactions - INFO - Saved pie chart to Output/spends/2025-06-24/aashirwad2099.be21@chitkara.edu.in_categories_pie.png
2025-06-24 17:22:31,468 - transactions - INFO - Generating charts for user: aashirwadk@thewelzin.com
2025-06-24 17:22:31,538 - transactions - INFO - Saved pie chart to Output/spends/2025-06-24/aashirwadk@thewelzin.com_categories_pie.png
2025-06-24 17:22:31,538 - transactions - INFO - Generating charts for user: adsmundra@gmail.com
2025-06-24 17:22:31,611 - transactions - INFO - Saved pie chart to Output/spends/2025-06-24/adsmundra@gmail.com_categories_pie.png
2025-06-24 17:22:31,612 - transactions - INFO - Generating charts for user: amiouraashirwad@gmail.com
2025-06-24 17:22:31,685 - transactions - INFO - Saved pie chart to Output/spends/2025-06-24/amiouraashirwad@gmail.com_categories_pie.png
2025-06-24 17:22:31,686 - transactions - INFO - Generating charts for user: co22303@ccet.ac.in
2025-06-24 17:22:31,753 - transactions - INFO - Saved pie chart to Output/spends/2025-06-24/co22303@ccet.ac.in_categories_pie.png
2025-06-24 17:22:31,754 - transactions - INFO - Generating charts for user: himanshugoyal1065@gmail.com
2025-06-24 17:22:31,824 - transactions - INFO - Saved pie chart to Output/spends/2025-06-24/himanshugoyal1065@gmail.com_categories_pie.png
2025-06-24 17:22:31,824 - transactions - INFO - Generating charts for user: mishuuu1305@gmail.com
2025-06-24 17:22:31,890 - transactions - INFO - Saved pie chart to Output/spends/2025-06-24/mishuuu1305@gmail.com_categories_pie.png
2025-06-24 17:22:31,890 - transactions - INFO - Generating charts for user: vikrame4d3@gmail.com
2025-06-24 17:22:31,957 - transactions - INFO - Saved pie chart to Output/spends/2025-06-24/vikrame4d3@gmail.com_categories_pie.png
2025-06-24 17:22:31,958 - transactions - INFO - Generating charts for user: vishaaldeepsingh6@gmail.com
2025-06-24 17:22:32,023 - transactions - INFO - Saved pie chart to Output/spends/2025-06-24/vishaaldeepsingh6@gmail.com_categories_pie.png
2025-06-24 17:22:32,023 - transactions - INFO - Generating charts for user: vishaldeepsingh5@gmail.com
2025-06-24 17:22:32,100 - transactions - INFO - Saved pie chart to Output/spends/2025-06-24/vishaldeepsingh5@gmail.com_categories_pie.png
2025-06-24 17:22:32,101 - transactions - INFO - Generating spend time series for user: aashirwadk@thewelzin.com
2025-06-24 17:22:32,323 - transactions - INFO - Saved weekly spend chart to Output/spends/2025-06-24/aashirwadk@thewelzin.com_weekly_spend.png
2025-06-24 17:22:32,453 - transactions - INFO - Saved monthly spend chart to Output/spends/2025-06-24/aashirwadk@thewelzin.com_monthly_spend.png
2025-06-24 17:22:32,454 - transactions - INFO - Generating spend time series for user: adsmundra@gmail.com
2025-06-24 17:22:32,609 - transactions - INFO - Saved weekly spend chart to Output/spends/2025-06-24/adsmundra@gmail.com_weekly_spend.png
2025-06-24 17:22:32,744 - transactions - INFO - Saved monthly spend chart to Output/spends/2025-06-24/adsmundra@gmail.com_monthly_spend.png
2025-06-24 17:22:32,745 - transactions - INFO - Generating spend time series for user: amiouraashirwad@gmail.com
2025-06-24 17:22:32,907 - transactions - INFO - Saved weekly spend chart to Output/spends/2025-06-24/amiouraashirwad@gmail.com_weekly_spend.png
2025-06-24 17:22:33,044 - transactions - INFO - Saved monthly spend chart to Output/spends/2025-06-24/amiouraashirwad@gmail.com_monthly_spend.png
2025-06-24 17:22:33,044 - transactions - INFO - Generating spend time series for user: vikrame4d3@gmail.com
2025-06-24 17:22:33,205 - transactions - INFO - Saved weekly spend chart to Output/spends/2025-06-24/vikrame4d3@gmail.com_weekly_spend.png
2025-06-24 17:22:33,337 - transactions - INFO - Saved monthly spend chart to Output/spends/2025-06-24/vikrame4d3@gmail.com_monthly_spend.png
2025-06-24 17:22:33,338 - transactions - INFO - Spend analysis complete.
2025-06-24 17:22:33,338 - transactions - INFO - Ending txns.py
